# JRE version: Java(TM) SE Runtime Environment (8.0_11-b12) (build 1.8.0_11-b12)
# Java VM: Java HotSpot(TM) 64-Bit Server VM (25.11-b03 mixed mode linux-amd64 compressed oops)
Heap:
 PSYoungGen      total 231936K, used 81652K [0x00000000f0000000, 0x0000000100000000, 0x0000000100000000)
  eden space 215040K, 31% used [0x00000000f0000000,0x00000000f42d8e20,0x00000000fd200000)
  from space 16896K, 78% used [0x00000000fef80000,0x00000000ffc64570,0x0000000100000000)
  to   space 23552K, 0% used [0x00000000fd200000,0x00000000fd200000,0x00000000fe900000)
 ParOldGen       total 88064K, used 72072K [0x00000000d0000000, 0x00000000d5600000, 0x00000000f0000000)
  object space 88064K, 81% used [0x00000000d0000000,0x00000000d4662000,0x00000000d5600000)
 Metaspace       used 55285K, capacity 56674K, committed 56812K, reserved 1099776K
  class space    used 6377K, capacity 6806K, committed 6912K, reserved 1048576K
GC Heap History (10 events):
Event: 11,147 GC heap before
{Heap before GC invocations=56 (full 5):
 PSYoungGen      total 245248K, used 224365K [0x00000000f0000000, 0x00000000fff00000, 0x0000000100000000)
  eden space 229376K, 97% used [0x00000000f0000000,0x00000000fdb1b5f0,0x00000000fe000000)
  from space 15872K, 0% used [0x00000000fef80000,0x00000000fef80000,0x00000000fff00000)
  to   space 15872K, 0% used [0x00000000fe000000,0x00000000fe000000,0x00000000fef80000)
 ParOldGen       total 72192K, used 59785K [0x00000000d0000000, 0x00000000d4680000, 0x00000000f0000000)
  object space 72192K, 82% used [0x00000000d0000000,0x00000000d3a626f0,0x00000000d4680000)
 Metaspace       used 50164K, capacity 51400K, committed 51692K, reserved 1095680K
  class space    used 5713K, capacity 6105K, committed 6144K, reserved 1048576K
Event: 11,155 GC heap after
Heap after GC invocations=56 (full 5):
 PSYoungGen      total 245248K, used 3278K [0x00000000f0000000, 0x0000000100000000, 0x0000000100000000)
  eden space 229376K, 0% used [0x00000000f0000000,0x00000000f0000000,0x00000000fe000000)
  from space 15872K, 20% used [0x00000000fe000000,0x00000000fe333a68,0x00000000fef80000)
  to   space 15872K, 0% used [0x00000000ff080000,0x00000000ff080000,0x0000000100000000)
 ParOldGen       total 72192K, used 59793K [0x00000000d0000000, 0x00000000d4680000, 0x00000000f0000000)
  object space 72192K, 82% used [0x00000000d0000000,0x00000000d3a646f0,0x00000000d4680000)
 Metaspace       used 50164K, capacity 51400K, committed 51692K, reserved 1095680K
  class space    used 5713K, capacity 6105K, committed 6144K, reserved 1048576K
}
Event: 12,116 GC heap before
{Heap before GC invocations=57 (full 5):
 PSYoungGen      total 245248K, used 232654K [0x00000000f0000000, 0x0000000100000000, 0x0000000100000000)
  eden space 229376K, 100% used [0x00000000f0000000,0x00000000fe000000,0x00000000fe000000)
  from space 15872K, 20% used [0x00000000fe000000,0x00000000fe333a68,0x00000000fef80000)
  to   space 15872K, 0% used [0x00000000ff080000,0x00000000ff080000,0x0000000100000000)
 ParOldGen       total 72192K, used 59793K [0x00000000d0000000, 0x00000000d4680000, 0x00000000f0000000)
  object space 72192K, 82% used [0x00000000d0000000,0x00000000d3a646f0,0x00000000d4680000)
 Metaspace       used 51248K, capacity 52590K, committed 52844K, reserved 1095680K
  class space    used 5860K, capacity 6266K, committed 6272K, reserved 1048576K
Event: 12,127 GC heap after
Heap after GC invocations=57 (full 5):
 PSYoungGen      total 244224K, used 6735K [0x00000000f0000000, 0x00000000ffe00000, 0x0000000100000000)
  eden space 230400K, 0% used [0x00000000f0000000,0x00000000f0000000,0x00000000fe100000)
  from space 13824K, 48% used [0x00000000ff080000,0x00000000ff713f10,0x00000000ffe00000)
  to   space 14848K, 0% used [0x00000000fe100000,0x00000000fe100000,0x00000000fef80000)
 ParOldGen       total 72192K, used 59801K [0x00000000d0000000, 0x00000000d4680000, 0x00000000f0000000)
  object space 72192K, 82% used [0x00000000d0000000,0x00000000d3a666f0,0x00000000d4680000)
 Metaspace       used 51248K, capacity 52590K, committed 52844K, reserved 1095680K
  class space    used 5860K, capacity 6266K, committed 6272K, reserved 1048576K
}
Event: 12,905 GC heap before
{Heap before GC invocations=58 (full 5):
 PSYoungGen      total 244224K, used 237135K [0x00000000f0000000, 0x00000000ffe00000, 0x0000000100000000)
  eden space 230400K, 100% used [0x00000000f0000000,0x00000000fe100000,0x00000000fe100000)
  from space 13824K, 48% used [0x00000000ff080000,0x00000000ff713f10,0x00000000ffe00000)
  to   space 14848K, 0% used [0x00000000fe100000,0x00000000fe100000,0x00000000fef80000)
 ParOldGen       total 72192K, used 59801K [0x00000000d0000000, 0x00000000d4680000, 0x00000000f0000000)
  object space 72192K, 82% used [0x00000000d0000000,0x00000000d3a666f0,0x00000000d4680000)
 Metaspace       used 52376K, capacity 53718K, committed 53868K, reserved 1097728K
  class space    used 5998K, capacity 6416K, committed 6528K, reserved 1048576K
Event: 12,917 GC heap after
Heap after GC invocations=58 (full 5):
 PSYoungGen      total 245248K, used 14472K [0x00000000f0000000, 0x0000000100000000, 0x0000000100000000)
  eden space 230400K, 0% used [0x00000000f0000000,0x00000000f0000000,0x00000000fe100000)
  from space 14848K, 97% used [0x00000000fe100000,0x00000000fef22108,0x00000000fef80000)
  to   space 16896K, 0% used [0x00000000fef80000,0x00000000fef80000,0x0000000100000000)
 ParOldGen       total 72192K, used 59809K [0x00000000d0000000, 0x00000000d4680000, 0x00000000f0000000)
  object space 72192K, 82% used [0x00000000d0000000,0x00000000d3a686f0,0x00000000d4680000)
 Metaspace       used 52376K, capacity 53718K, committed 53868K, reserved 1097728K
  class space    used 5998K, capacity 6416K, committed 6528K, reserved 1048576K
}
Event: 13,788 GC heap before
{Heap before GC invocations=59 (full 5):
 PSYoungGen      total 245248K, used 239485K [0x00000000f0000000, 0x0000000100000000, 0x0000000100000000)
  eden space 230400K, 97% used [0x00000000f0000000,0x00000000fdbbd590,0x00000000fe100000)
  from space 14848K, 97% used [0x00000000fe100000,0x00000000fef22108,0x00000000fef80000)
  to   space 16896K, 0% used [0x00000000fef80000,0x00000000fef80000,0x0000000100000000)
 ParOldGen       total 72192K, used 59809K [0x00000000d0000000, 0x00000000d4680000, 0x00000000f0000000)
  object space 72192K, 82% used [0x00000000d0000000,0x00000000d3a686f0,0x00000000d4680000)
 Metaspace       used 54958K, capacity 56324K, committed 56428K, reserved 1099776K
  class space    used 6316K, capacity 6752K, committed 6784K, reserved 1048576K
Event: 13,815 GC heap after
Heap after GC invocations=59 (full 5):
 PSYoungGen      total 231936K, used 16893K [0x00000000f0000000, 0x0000000100000000, 0x0000000100000000)
  eden space 215040K, 0% used [0x00000000f0000000,0x00000000f0000000,0x00000000fd200000)
  from space 16896K, 99% used [0x00000000fef80000,0x00000000fffff5c8,0x0000000100000000)
  to   space 23552K, 0% used [0x00000000fd200000,0x00000000fd200000,0x00000000fe900000)
 ParOldGen       total 72192K, used 70074K [0x00000000d0000000, 0x00000000d4680000, 0x00000000f0000000)
  object space 72192K, 97% used [0x00000000d0000000,0x00000000d446e9c8,0x00000000d4680000)
 Metaspace       used 54958K, capacity 56324K, committed 56428K, reserved 1099776K
  class space    used 6316K, capacity 6752K, committed 6784K, reserved 1048576K
}
Event: 13,815 GC heap before
{Heap before GC invocations=60 (full 6):
 PSYoungGen      total 231936K, used 16893K [0x00000000f0000000, 0x0000000100000000, 0x0000000100000000)
  eden space 215040K, 0% used [0x00000000f0000000,0x00000000f0000000,0x00000000fd200000)
  from space 16896K, 99% used [0x00000000fef80000,0x00000000fffff5c8,0x0000000100000000)
  to   space 23552K, 0% used [0x00000000fd200000,0x00000000fd200000,0x00000000fe900000)
 ParOldGen       total 72192K, used 70074K [0x00000000d0000000, 0x00000000d4680000, 0x00000000f0000000)
  object space 72192K, 97% used [0x00000000d0000000,0x00000000d446e9c8,0x00000000d4680000)
 Metaspace       used 54958K, capacity 56324K, committed 56428K, reserved 1099776K
  class space    used 6316K, capacity 6752K, committed 6784K, reserved 1048576K
Event: 14,419 GC heap after
Heap after GC invocations=60 (full 6):
 PSYoungGen      total 231936K, used 13201K [0x00000000f0000000, 0x0000000100000000, 0x0000000100000000)
  eden space 215040K, 0% used [0x00000000f0000000,0x00000000f0000000,0x00000000fd200000)
  from space 16896K, 78% used [0x00000000fef80000,0x00000000ffc64570,0x0000000100000000)
  to   space 23552K, 0% used [0x00000000fd200000,0x00000000fd200000,0x00000000fe900000)
 ParOldGen       total 88064K, used 72072K [0x00000000d0000000, 0x00000000d5600000, 0x00000000f0000000)
  object space 88064K, 81% used [0x00000000d0000000,0x00000000d4662000,0x00000000d5600000)
 Metaspace       used 54958K, capacity 56324K, committed 56428K, reserved 1099776K
  class space    used 6316K, capacity 6752K, committed 6784K, reserved 1048576K
}

