# JRE version: Java(TM) SE Runtime Environment (8.0_11-b12) (build 1.8.0_11-b12)
# Java VM: Java HotSpot(TM) 64-Bit Server VM (25.11-b03 mixed mode linux-amd64 compressed oops)
Heap:
 PSYoungGen      total 250880K, used 209629K [0x00000000f0000000, 0x0000000100000000, 0x0000000100000000)
  eden space 239616K, 84% used [0x00000000f0000000,0x00000000fc4c6e40,0x00000000fea00000)
  from space 11264K, 72% used [0x00000000fea00000,0x00000000ff1f0668,0x00000000ff500000)
  to   space 11264K, 0% used [0x00000000ff500000,0x00000000ff500000,0x0000000100000000)
 ParOldGen       total 84480K, used 69183K [0x00000000d0000000, 0x00000000d5280000, 0x00000000f0000000)
  object space 84480K, 81% used [0x00000000d0000000,0x00000000d438fec8,0x00000000d5280000)
 Metaspace       used 55159K, capacity 56546K, committed 56704K, reserved 1099776K
  class space    used 6348K, capacity 6766K, committed 6784K, reserved 1048576K
GC Heap History (10 events):
Event: 10,502 GC heap before
{Heap before GC invocations=53 (full 5):
 PSYoungGen      total 232448K, used 224496K [0x00000000f0000000, 0x00000000ffa00000, 0x0000000100000000)
  eden space 222208K, 100% used [0x00000000f0000000,0x00000000fd900000,0x00000000fd900000)
  from space 10240K, 22% used [0x00000000fd900000,0x00000000fdb3c048,0x00000000fe300000)
  to   space 10240K, 0% used [0x00000000ff000000,0x00000000ff000000,0x00000000ffa00000)
 ParOldGen       total 69632K, used 58277K [0x00000000d0000000, 0x00000000d4400000, 0x00000000f0000000)
  object space 69632K, 83% used [0x00000000d0000000,0x00000000d38e97f0,0x00000000d4400000)
 Metaspace       used 48417K, capacity 49630K, committed 49792K, reserved 1093632K
  class space    used 5482K, capacity 5896K, committed 6016K, reserved 1048576K
Event: 10,528 GC heap after
Heap after GC invocations=53 (full 5):
 PSYoungGen      total 246272K, used 2780K [0x00000000f0000000, 0x00000000ffc80000, 0x0000000100000000)
  eden space 236032K, 0% used [0x00000000f0000000,0x00000000f0000000,0x00000000fe680000)
  from space 10240K, 27% used [0x00000000ff000000,0x00000000ff2b7180,0x00000000ffa00000)
  to   space 9728K, 0% used [0x00000000fe680000,0x00000000fe680000,0x00000000ff000000)
 ParOldGen       total 69632K, used 58277K [0x00000000d0000000, 0x00000000d4400000, 0x00000000f0000000)
  object space 69632K, 83% used [0x00000000d0000000,0x00000000d38e97f0,0x00000000d4400000)
 Metaspace       used 48417K, capacity 49630K, committed 49792K, reserved 1093632K
  class space    used 5482K, capacity 5896K, committed 6016K, reserved 1048576K
}
Event: 10,978 GC heap before
{Heap before GC invocations=54 (full 5):
 PSYoungGen      total 246272K, used 236622K [0x00000000f0000000, 0x00000000ffc80000, 0x0000000100000000)
  eden space 236032K, 99% used [0x00000000f0000000,0x00000000fe45c808,0x00000000fe680000)
  from space 10240K, 27% used [0x00000000ff000000,0x00000000ff2b7180,0x00000000ffa00000)
  to   space 9728K, 0% used [0x00000000fe680000,0x00000000fe680000,0x00000000ff000000)
 ParOldGen       total 69632K, used 58277K [0x00000000d0000000, 0x00000000d4400000, 0x00000000f0000000)
  object space 69632K, 83% used [0x00000000d0000000,0x00000000d38e97f0,0x00000000d4400000)
 Metaspace       used 50317K, capacity 51616K, committed 51712K, reserved 1095680K
  class space    used 5736K, capacity 6137K, committed 6144K, reserved 1048576K
Event: 10,985 GC heap after
Heap after GC invocations=54 (full 5):
 PSYoungGen      total 245760K, used 4916K [0x00000000f0000000, 0x00000000fff80000, 0x0000000100000000)
  eden space 236032K, 0% used [0x00000000f0000000,0x00000000f0000000,0x00000000fe680000)
  from space 9728K, 50% used [0x00000000fe680000,0x00000000feb4d188,0x00000000ff000000)
  to   space 9728K, 0% used [0x00000000ff600000,0x00000000ff600000,0x00000000fff80000)
 ParOldGen       total 69632K, used 58285K [0x00000000d0000000, 0x00000000d4400000, 0x00000000f0000000)
  object space 69632K, 83% used [0x00000000d0000000,0x00000000d38eb7f0,0x00000000d4400000)
 Metaspace       used 50317K, capacity 51616K, committed 51712K, reserved 1095680K
  class space    used 5736K, capacity 6137K, committed 6144K, reserved 1048576K
}
Event: 11,623 GC heap before
{Heap before GC invocations=55 (full 5):
 PSYoungGen      total 245760K, used 240948K [0x00000000f0000000, 0x00000000fff80000, 0x0000000100000000)
  eden space 236032K, 100% used [0x00000000f0000000,0x00000000fe680000,0x00000000fe680000)
  from space 9728K, 50% used [0x00000000fe680000,0x00000000feb4d188,0x00000000ff000000)
  to   space 9728K, 0% used [0x00000000ff600000,0x00000000ff600000,0x00000000fff80000)
 ParOldGen       total 69632K, used 58285K [0x00000000d0000000, 0x00000000d4400000, 0x00000000f0000000)
  object space 69632K, 83% used [0x00000000d0000000,0x00000000d38eb7f0,0x00000000d4400000)
 Metaspace       used 51432K, capacity 52682K, committed 52992K, reserved 1095680K
  class space    used 5881K, capacity 6273K, committed 6400K, reserved 1048576K
Event: 11,635 GC heap after
Heap after GC invocations=55 (full 5):
 PSYoungGen      total 249344K, used 9709K [0x00000000f0000000, 0x0000000100000000, 0x0000000100000000)
  eden space 239616K, 0% used [0x00000000f0000000,0x00000000f0000000,0x00000000fea00000)
  from space 9728K, 99% used [0x00000000ff600000,0x00000000fff7b420,0x00000000fff80000)
  to   space 11264K, 0% used [0x00000000fea00000,0x00000000fea00000,0x00000000ff500000)
 ParOldGen       total 69632K, used 58461K [0x00000000d0000000, 0x00000000d4400000, 0x00000000f0000000)
  object space 69632K, 83% used [0x00000000d0000000,0x00000000d3917678,0x00000000d4400000)
 Metaspace       used 51432K, capacity 52682K, committed 52992K, reserved 1095680K
  class space    used 5881K, capacity 6273K, committed 6400K, reserved 1048576K
}
Event: 12,543 GC heap before
{Heap before GC invocations=56 (full 5):
 PSYoungGen      total 249344K, used 249325K [0x00000000f0000000, 0x0000000100000000, 0x0000000100000000)
  eden space 239616K, 100% used [0x00000000f0000000,0x00000000fea00000,0x00000000fea00000)
  from space 9728K, 99% used [0x00000000ff600000,0x00000000fff7b420,0x00000000fff80000)
  to   space 11264K, 0% used [0x00000000fea00000,0x00000000fea00000,0x00000000ff500000)
 ParOldGen       total 69632K, used 58461K [0x00000000d0000000, 0x00000000d4400000, 0x00000000f0000000)
  object space 69632K, 83% used [0x00000000d0000000,0x00000000d3917678,0x00000000d4400000)
 Metaspace       used 53185K, capacity 54542K, committed 54656K, reserved 1097728K
  class space    used 6049K, capacity 6480K, committed 6528K, reserved 1048576K
Event: 12,577 GC heap after
Heap after GC invocations=56 (full 5):
 PSYoungGen      total 250880K, used 11233K [0x00000000f0000000, 0x0000000100000000, 0x0000000100000000)
  eden space 239616K, 0% used [0x00000000f0000000,0x00000000f0000000,0x00000000fea00000)
  from space 11264K, 99% used [0x00000000fea00000,0x00000000ff4f85d0,0x00000000ff500000)
  to   space 11264K, 0% used [0x00000000ff500000,0x00000000ff500000,0x0000000100000000)
 ParOldGen       total 69632K, used 67634K [0x00000000d0000000, 0x00000000d4400000, 0x00000000f0000000)
  object space 69632K, 97% used [0x00000000d0000000,0x00000000d420c860,0x00000000d4400000)
 Metaspace       used 53185K, capacity 54542K, committed 54656K, reserved 1097728K
  class space    used 6049K, capacity 6480K, committed 6528K, reserved 1048576K
}
Event: 12,577 GC heap before
{Heap before GC invocations=57 (full 6):
 PSYoungGen      total 250880K, used 11233K [0x00000000f0000000, 0x0000000100000000, 0x0000000100000000)
  eden space 239616K, 0% used [0x00000000f0000000,0x00000000f0000000,0x00000000fea00000)
  from space 11264K, 99% used [0x00000000fea00000,0x00000000ff4f85d0,0x00000000ff500000)
  to   space 11264K, 0% used [0x00000000ff500000,0x00000000ff500000,0x0000000100000000)
 ParOldGen       total 69632K, used 67634K [0x00000000d0000000, 0x00000000d4400000, 0x00000000f0000000)
  object space 69632K, 97% used [0x00000000d0000000,0x00000000d420c860,0x00000000d4400000)
 Metaspace       used 53185K, capacity 54542K, committed 54656K, reserved 1097728K
  class space    used 6049K, capacity 6480K, committed 6528K, reserved 1048576K
Event: 13,229 GC heap after
Heap after GC invocations=57 (full 6):
 PSYoungGen      total 250880K, used 8129K [0x00000000f0000000, 0x0000000100000000, 0x0000000100000000)
  eden space 239616K, 0% used [0x00000000f0000000,0x00000000f0000000,0x00000000fea00000)
  from space 11264K, 72% used [0x00000000fea00000,0x00000000ff1f0668,0x00000000ff500000)
  to   space 11264K, 0% used [0x00000000ff500000,0x00000000ff500000,0x0000000100000000)
 ParOldGen       total 84480K, used 69183K [0x00000000d0000000, 0x00000000d5280000, 0x00000000f0000000)
  object space 84480K, 81% used [0x00000000d0000000,0x00000000d438fec8,0x00000000d5280000)
 Metaspace       used 53185K, capacity 54542K, committed 54656K, reserved 1097728K
  class space    used 6049K, capacity 6480K, committed 6528K, reserved 1048576K
}

