# JRE version: Java(TM) SE Runtime Environment (8.0_11-b12) (build 1.8.0_11-b12)
# Java VM: Java HotSpot(TM) 64-Bit Server VM (25.11-b03 mixed mode linux-amd64 compressed oops)
Heap:
 PSYoungGen      total 240128K, used 168150K [0x00000000f0000000, 0x0000000100000000, 0x0000000100000000)
  eden space 218112K, 73% used [0x00000000f0000000,0x00000000f9d932b0,0x00000000fd500000)
  from space 22016K, 30% used [0x00000000fd500000,0x00000000fdba2928,0x00000000fea80000)
  to   space 20992K, 0% used [0x00000000feb80000,0x00000000feb80000,0x0000000100000000)
 ParOldGen       total 102912K, used 88992K [0x00000000d0000000, 0x00000000d6480000, 0x00000000f0000000)
  object space 102912K, 86% used [0x00000000d0000000,0x00000000d56e8100,0x00000000d6480000)
 Metaspace       used 60445K, capacity 62006K, committed 62208K, reserved 1103872K
  class space    used 7096K, capacity 7612K, committed 7680K, reserved 1048576K
GC Heap History (10 events):
Event: 13,177 GC heap before
{Heap before GC invocations=54 (full 6):
 PSYoungGen      total 241664K, used 8164K [0x00000000f0000000, 0x0000000100000000, 0x0000000100000000)
  eden space 233472K, 0% used [0x00000000f0000000,0x00000000f0000000,0x00000000fe400000)
  from space 8192K, 99% used [0x00000000ff800000,0x00000000ffff92f8,0x0000000100000000)
  to   space 14336K, 0% used [0x00000000fe400000,0x00000000fe400000,0x00000000ff200000)
 ParOldGen       total 70144K, used 68895K [0x00000000d0000000, 0x00000000d4480000, 0x00000000f0000000)
  object space 70144K, 98% used [0x00000000d0000000,0x00000000d4347f80,0x00000000d4480000)
 Metaspace       used 52732K, capacity 54070K, committed 54400K, reserved 1097728K
  class space    used 6024K, capacity 6448K, committed 6528K, reserved 1048576K
Event: 14,047 GC heap after
Heap after GC invocations=54 (full 6):
 PSYoungGen      total 241664K, used 4557K [0x00000000f0000000, 0x0000000100000000, 0x0000000100000000)
  eden space 233472K, 0% used [0x00000000f0000000,0x00000000f0000000,0x00000000fe400000)
  from space 8192K, 55% used [0x00000000ff800000,0x00000000ffc73570,0x0000000100000000)
  to   space 14336K, 0% used [0x00000000fe400000,0x00000000fe400000,0x00000000ff200000)
 ParOldGen       total 84992K, used 69968K [0x00000000d0000000, 0x00000000d5300000, 0x00000000f0000000)
  object space 84992K, 82% used [0x00000000d0000000,0x00000000d4454328,0x00000000d5300000)
 Metaspace       used 52732K, capacity 54070K, committed 54400K, reserved 1097728K
  class space    used 6024K, capacity 6448K, committed 6528K, reserved 1048576K
}
Event: 15,008 GC heap before
{Heap before GC invocations=55 (full 6):
 PSYoungGen      total 241664K, used 231999K [0x00000000f0000000, 0x0000000100000000, 0x0000000100000000)
  eden space 233472K, 97% used [0x00000000f0000000,0x00000000fde1c700,0x00000000fe400000)
  from space 8192K, 55% used [0x00000000ff800000,0x00000000ffc73570,0x0000000100000000)
  to   space 14336K, 0% used [0x00000000fe400000,0x00000000fe400000,0x00000000ff200000)
 ParOldGen       total 84992K, used 69968K [0x00000000d0000000, 0x00000000d5300000, 0x00000000f0000000)
  object space 84992K, 82% used [0x00000000d0000000,0x00000000d4454328,0x00000000d5300000)
 Metaspace       used 55008K, capacity 56426K, committed 56704K, reserved 1099776K
  class space    used 6316K, capacity 6742K, committed 6784K, reserved 1048576K
Event: 15,049 GC heap after
Heap after GC invocations=55 (full 6):
 PSYoungGen      total 247808K, used 14325K [0x00000000f0000000, 0x0000000100000000, 0x0000000100000000)
  eden space 233472K, 0% used [0x00000000f0000000,0x00000000f0000000,0x00000000fe400000)
  from space 14336K, 99% used [0x00000000fe400000,0x00000000ff1fd5e0,0x00000000ff200000)
  to   space 14336K, 0% used [0x00000000ff200000,0x00000000ff200000,0x0000000100000000)
 ParOldGen       total 84992K, used 72965K [0x00000000d0000000, 0x00000000d5300000, 0x00000000f0000000)
  object space 84992K, 85% used [0x00000000d0000000,0x00000000d4741548,0x00000000d5300000)
 Metaspace       used 55008K, capacity 56426K, committed 56704K, reserved 1099776K
  class space    used 6316K, capacity 6742K, committed 6784K, reserved 1048576K
}
Event: 15,812 GC heap before
{Heap before GC invocations=56 (full 6):
 PSYoungGen      total 247808K, used 247797K [0x00000000f0000000, 0x0000000100000000, 0x0000000100000000)
  eden space 233472K, 100% used [0x00000000f0000000,0x00000000fe400000,0x00000000fe400000)
  from space 14336K, 99% used [0x00000000fe400000,0x00000000ff1fd5e0,0x00000000ff200000)
  to   space 14336K, 0% used [0x00000000ff200000,0x00000000ff200000,0x0000000100000000)
 ParOldGen       total 84992K, used 72965K [0x00000000d0000000, 0x00000000d5300000, 0x00000000f0000000)
  object space 84992K, 85% used [0x00000000d0000000,0x00000000d4741548,0x00000000d5300000)
 Metaspace       used 56203K, capacity 57642K, committed 57728K, reserved 1099776K
  class space    used 6508K, capacity 6975K, committed 7040K, reserved 1048576K
Event: 15,836 GC heap after
Heap after GC invocations=56 (full 6):
 PSYoungGen      total 232448K, used 14304K [0x00000000f0000000, 0x0000000100000000, 0x0000000100000000)
  eden space 218112K, 0% used [0x00000000f0000000,0x00000000f0000000,0x00000000fd500000)
  from space 14336K, 99% used [0x00000000ff200000,0x00000000ffff8010,0x0000000100000000)
  to   space 22016K, 0% used [0x00000000fd500000,0x00000000fd500000,0x00000000fea80000)
 ParOldGen       total 84992K, used 79991K [0x00000000d0000000, 0x00000000d5300000, 0x00000000f0000000)
  object space 84992K, 94% used [0x00000000d0000000,0x00000000d4e1dd50,0x00000000d5300000)
 Metaspace       used 56203K, capacity 57642K, committed 57728K, reserved 1099776K
  class space    used 6508K, capacity 6975K, committed 7040K, reserved 1048576K
}
Event: 15,836 GC heap before
{Heap before GC invocations=57 (full 7):
 PSYoungGen      total 232448K, used 14304K [0x00000000f0000000, 0x0000000100000000, 0x0000000100000000)
  eden space 218112K, 0% used [0x00000000f0000000,0x00000000f0000000,0x00000000fd500000)
  from space 14336K, 99% used [0x00000000ff200000,0x00000000ffff8010,0x0000000100000000)
  to   space 22016K, 0% used [0x00000000fd500000,0x00000000fd500000,0x00000000fea80000)
 ParOldGen       total 84992K, used 79991K [0x00000000d0000000, 0x00000000d5300000, 0x00000000f0000000)
  object space 84992K, 94% used [0x00000000d0000000,0x00000000d4e1dd50,0x00000000d5300000)
 Metaspace       used 56203K, capacity 57642K, committed 57728K, reserved 1099776K
  class space    used 6508K, capacity 6975K, committed 7040K, reserved 1048576K
Event: 16,503 GC heap after
Heap after GC invocations=57 (full 7):
 PSYoungGen      total 232448K, used 7067K [0x00000000f0000000, 0x0000000100000000, 0x0000000100000000)
  eden space 218112K, 0% used [0x00000000f0000000,0x00000000f0000000,0x00000000fd500000)
  from space 14336K, 49% used [0x00000000ff200000,0x00000000ff8e6fb8,0x0000000100000000)
  to   space 22016K, 0% used [0x00000000fd500000,0x00000000fd500000,0x00000000fea80000)
 ParOldGen       total 102912K, used 84873K [0x00000000d0000000, 0x00000000d6480000, 0x00000000f0000000)
  object space 102912K, 82% used [0x00000000d0000000,0x00000000d52e2580,0x00000000d6480000)
 Metaspace       used 56203K, capacity 57642K, committed 57728K, reserved 1099776K
  class space    used 6508K, capacity 6975K, committed 7040K, reserved 1048576K
}
Event: 16,852 GC heap before
{Heap before GC invocations=58 (full 7):
 PSYoungGen      total 232448K, used 225179K [0x00000000f0000000, 0x0000000100000000, 0x0000000100000000)
  eden space 218112K, 100% used [0x00000000f0000000,0x00000000fd500000,0x00000000fd500000)
  from space 14336K, 49% used [0x00000000ff200000,0x00000000ff8e6fb8,0x0000000100000000)
  to   space 22016K, 0% used [0x00000000fd500000,0x00000000fd500000,0x00000000fea80000)
 ParOldGen       total 102912K, used 84873K [0x00000000d0000000, 0x00000000d6480000, 0x00000000f0000000)
  object space 102912K, 82% used [0x00000000d0000000,0x00000000d52e2580,0x00000000d6480000)
 Metaspace       used 57643K, capacity 59116K, committed 59264K, reserved 1101824K
  class space    used 6752K, capacity 7224K, committed 7296K, reserved 1048576K
Event: 16,889 GC heap after
Heap after GC invocations=58 (full 7):
 PSYoungGen      total 240128K, used 6794K [0x00000000f0000000, 0x0000000100000000, 0x0000000100000000)
  eden space 218112K, 0% used [0x00000000f0000000,0x00000000f0000000,0x00000000fd500000)
  from space 22016K, 30% used [0x00000000fd500000,0x00000000fdba2928,0x00000000fea80000)
  to   space 20992K, 0% used [0x00000000feb80000,0x00000000feb80000,0x0000000100000000)
 ParOldGen       total 102912K, used 88992K [0x00000000d0000000, 0x00000000d6480000, 0x00000000f0000000)
  object space 102912K, 86% used [0x00000000d0000000,0x00000000d56e8100,0x00000000d6480000)
 Metaspace       used 57643K, capacity 59116K, committed 59264K, reserved 1101824K
  class space    used 6752K, capacity 7224K, committed 7296K, reserved 1048576K
}

